# JRE version: Java(TM) SE Runtime Environment (12.0.1+12) (build 12.0.1+12)
# Java VM: Java HotSpot(TM) 64-Bit Server VM (12.0.1+12, mixed mode, sharing, tiered, compressed oops, g1 gc, windows-amd64)
Heap:
 garbage-first heap   total 46080K, used 24799K [0x0000000081400000, 0x0000000100000000)
  region size 1024K, 14 young (14336K), 3 survivors (3072K)
 Metaspace       used 30662K, capacity 31614K, committed 31920K, reserved 1077248K
  class space    used 3638K, capacity 3993K, committed 4096K, reserved 1048576K
GC Heap History (10 events):
Event: 2.191 GC heap before
{Heap before GC invocations=1 (full 0):
 garbage-first heap   total 131072K, used 79949K [0x0000000081400000, 0x0000000100000000)
  region size 1024K, 76 young (77824K), 3 survivors (3072K)
 Metaspace       used 20117K, capacity 20748K, committed 20864K, reserved 1067008K
  class space    used 2393K, capacity 2616K, committed 2688K, reserved 1048576K
}
Event: 2.199 GC heap after
{Heap after GC invocations=2 (full 0):
 garbage-first heap   total 131072K, used 9598K [0x0000000081400000, 0x0000000100000000)
  region size 1024K, 8 young (8192K), 8 survivors (8192K)
 Metaspace       used 20117K, capacity 20748K, committed 20864K, reserved 1067008K
  class space    used 2393K, capacity 2616K, committed 2688K, reserved 1048576K
}
Event: 2.243 GC heap before
{Heap before GC invocations=2 (full 0):
 garbage-first heap   total 131072K, used 11646K [0x0000000081400000, 0x0000000100000000)
  region size 1024K, 11 young (11264K), 8 survivors (8192K)
 Metaspace       used 20639K, capacity 21177K, committed 21296K, reserved 1069056K
  class space    used 2448K, capacity 2652K, committed 2688K, reserved 1048576K
}
Event: 2.251 GC heap after
{Heap after GC invocations=3 (full 0):
 garbage-first heap   total 131072K, used 10127K [0x0000000081400000, 0x0000000100000000)
  region size 1024K, 5 young (5120K), 5 survivors (5120K)
 Metaspace       used 20639K, capacity 21177K, committed 21296K, reserved 1069056K
  class space    used 2448K, capacity 2652K, committed 2688K, reserved 1048576K
}
Event: 2.783 GC heap before
{Heap before GC invocations=4 (full 0):
 garbage-first heap   total 37888K, used 27535K [0x0000000081400000, 0x0000000100000000)
  region size 1024K, 22 young (22528K), 5 survivors (5120K)
 Metaspace       used 24569K, capacity 25331K, committed 25520K, reserved 1071104K
  class space    used 2938K, capacity 3224K, committed 3328K, reserved 1048576K
}
Event: 2.793 GC heap after
{Heap after GC invocations=5 (full 0):
 garbage-first heap   total 37888K, used 11309K [0x0000000081400000, 0x0000000100000000)
  region size 1024K, 2 young (2048K), 2 survivors (2048K)
 Metaspace       used 24569K, capacity 25331K, committed 25520K, reserved 1071104K
  class space    used 2938K, capacity 3224K, committed 3328K, reserved 1048576K
}
Event: 3.881 GC heap before
{Heap before GC invocations=5 (full 0):
 garbage-first heap   total 37888K, used 27693K [0x0000000081400000, 0x0000000100000000)
  region size 1024K, 18 young (18432K), 2 survivors (2048K)
 Metaspace       used 26572K, capacity 27408K, committed 27568K, reserved 1073152K
  class space    used 3198K, capacity 3528K, committed 3584K, reserved 1048576K
}
Event: 3.884 GC heap after
{Heap after GC invocations=6 (full 0):
 garbage-first heap   total 46080K, used 12957K [0x0000000081400000, 0x0000000100000000)
  region size 1024K, 2 young (2048K), 2 survivors (2048K)
 Metaspace       used 26572K, capacity 27408K, committed 27568K, reserved 1073152K
  class space    used 3198K, capacity 3528K, committed 3584K, reserved 1048576K
}
Event: 4.141 GC heap before
{Heap before GC invocations=6 (full 0):
 garbage-first heap   total 46080K, used 34461K [0x0000000081400000, 0x0000000100000000)
  region size 1024K, 20 young (20480K), 2 survivors (2048K)
 Metaspace       used 29631K, capacity 30483K, committed 30640K, reserved 1077248K
  class space    used 3494K, capacity 3808K, committed 3840K, reserved 1048576K
}
Event: 4.144 GC heap after
{Heap after GC invocations=7 (full 0):
 garbage-first heap   total 46080K, used 14559K [0x0000000081400000, 0x0000000100000000)
  region size 1024K, 3 young (3072K), 3 survivors (3072K)
 Metaspace       used 29631K, capacity 30483K, committed 30640K, reserved 1077248K
  class space    used 3494K, capacity 3808K, committed 3840K, reserved 1048576K
}

