# JRE version: Java(TM) SE Runtime Environment (12.0.1+12) (build 12.0.1+12)
# Java VM: Java HotSpot(TM) 64-Bit Server VM (12.0.1+12, mixed mode, sharing, tiered, compressed oops, g1 gc, windows-amd64)
Heap:
 garbage-first heap   total 49152K, used 23133K [0x0000000081400000, 0x0000000100000000)
  region size 1024K, 12 young (12288K), 3 survivors (3072K)
 Metaspace       used 30644K, capacity 31614K, committed 31920K, reserved 1077248K
  class space    used 3638K, capacity 3993K, committed 4096K, reserved 1048576K
GC Heap History (10 events):
Event: 1.877 GC heap before
{Heap before GC invocations=1 (full 0):
 garbage-first heap   total 131072K, used 79924K [0x0000000081400000, 0x0000000100000000)
  region size 1024K, 76 young (77824K), 3 survivors (3072K)
 Metaspace       used 20156K, capacity 20749K, committed 20864K, reserved 1067008K
  class space    used 2400K, capacity 2616K, committed 2688K, reserved 1048576K
}
Event: 1.887 GC heap after
{Heap after GC invocations=2 (full 0):
 garbage-first heap   total 131072K, used 9753K [0x0000000081400000, 0x0000000100000000)
  region size 1024K, 8 young (8192K), 8 survivors (8192K)
 Metaspace       used 20156K, capacity 20749K, committed 20864K, reserved 1067008K
  class space    used 2400K, capacity 2616K, committed 2688K, reserved 1048576K
}
Event: 1.927 GC heap before
{Heap before GC invocations=2 (full 0):
 garbage-first heap   total 131072K, used 11801K [0x0000000081400000, 0x0000000100000000)
  region size 1024K, 11 young (11264K), 8 survivors (8192K)
 Metaspace       used 20609K, capacity 21178K, committed 21296K, reserved 1069056K
  class space    used 2449K, capacity 2652K, committed 2688K, reserved 1048576K
}
Event: 1.934 GC heap after
{Heap after GC invocations=3 (full 0):
 garbage-first heap   total 131072K, used 10131K [0x0000000081400000, 0x0000000100000000)
  region size 1024K, 5 young (5120K), 5 survivors (5120K)
 Metaspace       used 20609K, capacity 21178K, committed 21296K, reserved 1069056K
  class space    used 2449K, capacity 2652K, committed 2688K, reserved 1048576K
}
Event: 2.475 GC heap before
{Heap before GC invocations=4 (full 0):
 garbage-first heap   total 40960K, used 29587K [0x0000000081400000, 0x0000000100000000)
  region size 1024K, 24 young (24576K), 5 survivors (5120K)
 Metaspace       used 24565K, capacity 25332K, committed 25520K, reserved 1071104K
  class space    used 2939K, capacity 3224K, committed 3328K, reserved 1048576K
}
Event: 2.484 GC heap after
{Heap after GC invocations=5 (full 0):
 garbage-first heap   total 40960K, used 11547K [0x0000000081400000, 0x0000000100000000)
  region size 1024K, 2 young (2048K), 2 survivors (2048K)
 Metaspace       used 24565K, capacity 25332K, committed 25520K, reserved 1071104K
  class space    used 2939K, capacity 3224K, committed 3328K, reserved 1048576K
}
Event: 3.528 GC heap before
{Heap before GC invocations=5 (full 0):
 garbage-first heap   total 40960K, used 27931K [0x0000000081400000, 0x0000000100000000)
  region size 1024K, 18 young (18432K), 2 survivors (2048K)
 Metaspace       used 26872K, capacity 27701K, committed 27824K, reserved 1073152K
  class space    used 3240K, capacity 3561K, committed 3584K, reserved 1048576K
}
Event: 3.532 GC heap after
{Heap after GC invocations=6 (full 0):
 garbage-first heap   total 49152K, used 13244K [0x0000000081400000, 0x0000000100000000)
  region size 1024K, 2 young (2048K), 2 survivors (2048K)
 Metaspace       used 26872K, capacity 27701K, committed 27824K, reserved 1073152K
  class space    used 3240K, capacity 3561K, committed 3584K, reserved 1048576K
}
Event: 3.784 GC heap before
{Heap before GC invocations=6 (full 0):
 garbage-first heap   total 49152K, used 33724K [0x0000000081400000, 0x0000000100000000)
  region size 1024K, 20 young (20480K), 2 survivors (2048K)
 Metaspace       used 29737K, capacity 30643K, committed 30896K, reserved 1077248K
  class space    used 3517K, capacity 3840K, committed 3840K, reserved 1048576K
}
Event: 3.787 GC heap after
{Heap after GC invocations=7 (full 0):
 garbage-first heap   total 49152K, used 14941K [0x0000000081400000, 0x0000000100000000)
  region size 1024K, 3 young (3072K), 3 survivors (3072K)
 Metaspace       used 29737K, capacity 30643K, committed 30896K, reserved 1077248K
  class space    used 3517K, capacity 3840K, committed 3840K, reserved 1048576K
}

